<?xml version="1.0" encoding="UTF-8"?>
<testsuite xmlns:xsi="http://www.w3.org/2001/XMLSchema-instance" xsi:noNamespaceSchemaLocation="https://maven.apache.org/surefire/maven-surefire-plugin/xsd/surefire-test-report-3.0.xsd" version="3.0" name="com.robinhowlett.importer.ImportTrackerTest" time="0.269" tests="5" errors="0" skipped="0" failures="0">
  <properties>
[...]
</properties>
  <testcase name="alreadyProcessed_NewFile_ReturnsFalse" classname="com.robinhowlett.importer.ImportTrackerTest" time="0.123"/>
  <testcase name="alreadyProcessed_FailedFile_ReturnsFalse_SoItIsRetried" classname="com.robinhowlett.importer.ImportTrackerTest" time="0.034"/>
  <testcase name="alreadyProcessed_WriteFailedFile_ReturnsFalse_SoItIsRetried" classname="com.robinhowlett.importer.ImportTrackerTest" time="0.031"/>
  <testcase name="alreadyProcessed_SuccessfulFile_ReturnsTrue" classname="com.robinhowlett.importer.ImportTrackerTest" time="0.031"/>
  <testcase name="recordSuccess_OverwritesPreviousFailure" classname="com.robinhowlett.importer.ImportTrackerTest" time="0.044"/>
</testsuite>