<?xml version="1.0" encoding="UTF-8"?>
<testsuite xmlns:xsi="http://www.w3.org/2001/XMLSchema-instance" xsi:noNamespaceSchemaLocation="https://maven.apache.org/surefire/maven-surefire-plugin/xsd/surefire-test-report-3.0.xsd" version="3.0" name="com.robinhowlett.importer.PdfParserTest" time="1.445" tests="3" errors="0" skipped="0" failures="0">
  <properties>
[...]
</properties>
  <testcase name="parse_KnownGoodPdf_ReturnsNineRaces" classname="com.robinhowlett.importer.PdfParserTest" time="1.417">
    <system-err><![CDATA[Apr 08, 2026 9:03:16 AM org.apache.pdfbox.pdmodel.font.PDType1Font <init>
WARNING: Using fallback font LiberationSans for base font Times-Roman
Apr 08, 2026 9:03:16 AM org.apache.pdfbox.pdmodel.font.PDType1Font <init>
WARNING: Using fallback font LiberationSans for base font Times-Bold
Apr 08, 2026 9:03:16 AM org.apache.pdfbox.pdmodel.font.PDType1Font <init>
WARNING: Using fallback font LiberationSans for base font Times-Italic
Apr 08, 2026 9:03:16 AM org.apache.pdfbox.pdmodel.font.PDType1Font <init>
WARNING: Using fallback font LiberationSans for base font Times-BoldItalic
Apr 08, 2026 9:03:16 AM org.apache.pdfbox.pdmodel.font.PDType1Font <init>
WARNING: Using fallback font LiberationSans for base font Helvetica
Apr 08, 2026 9:03:16 AM org.apache.pdfbox.pdmodel.font.PDType1Font <init>
WARNING: Using fallback font LiberationSans for base font Helvetica-Bold
Apr 08, 2026 9:03:16 AM org.apache.pdfbox.pdmodel.font.PDType1Font <init>
WARNING: Using fallback font LiberationSans for base font Helvetica-Oblique
Apr 08, 2026 9:03:16 AM org.apache.pdfbox.pdmodel.font.PDType1Font <init>
WARNING: Using fallback font LiberationSans for base font Helvetica-BoldOblique
Apr 08, 2026 9:03:16 AM org.apache.pdfbox.pdmodel.font.PDType1Font <init>
WARNING: Using fallback font LiberationSans for base font Courier
Apr 08, 2026 9:03:16 AM org.apache.pdfbox.pdmodel.font.PDType1Font <init>
WARNING: Using fallback font LiberationSans for base font Courier-Bold
Apr 08, 2026 9:03:16 AM org.apache.pdfbox.pdmodel.font.PDType1Font <init>
WARNING: Using fallback font LiberationSans for base font Courier-Oblique
Apr 08, 2026 9:03:16 AM org.apache.pdfbox.pdmodel.font.PDType1Font <init>
WARNING: Using fallback font LiberationSans for base font Courier-BoldOblique
Apr 08, 2026 9:03:16 AM org.apache.pdfbox.pdmodel.font.PDType1Font <init>
WARNING: Using fallback font LiberationSans for base font Symbol
Apr 08, 2026 9:03:16 AM org.apache.pdfbox.pdmodel.font.PDType1Font <init>
WARNING: Using fallback font LiberationSans for base font ZapfDingbats
Apr 08, 2026 9:03:16 AM org.apache.pdfbox.pdmodel.font.PDType1Font <init>
WARNING: Using fallback font LiberationSans for Helvetica-Bold
Apr 08, 2026 9:03:16 AM org.apache.pdfbox.pdmodel.font.PDType1Font <init>
WARNING: Using fallback font LiberationSans for Helvetica
Apr 08, 2026 9:03:16 AM org.apache.pdfbox.pdmodel.font.PDType1Font <init>
WARNING: Using fallback font LiberationSans for Helvetica-Bold
Apr 08, 2026 9:03:16 AM org.apache.pdfbox.pdmodel.font.PDType1Font <init>
WARNING: Using fallback font LiberationSans for Helvetica
Apr 08, 2026 9:03:16 AM org.apache.pdfbox.pdmodel.font.PDType1Font <init>
WARNING: Using fallback font LiberationSans for Helvetica-Bold
Apr 08, 2026 9:03:16 AM org.apache.pdfbox.pdmodel.font.PDType1Font <init>
WARNING: Using fallback font LiberationSans for Helvetica
Apr 08, 2026 9:03:16 AM org.apache.pdfbox.pdmodel.font.PDType1Font <init>
WARNING: Using fallback font LiberationSans for Helvetica-Bold
Apr 08, 2026 9:03:16 AM org.apache.pdfbox.pdmodel.font.PDType1Font <init>
WARNING: Using fallback font LiberationSans for Helvetica
Apr 08, 2026 9:03:16 AM org.apache.pdfbox.pdmodel.font.PDType1Font <init>
WARNING: Using fallback font LiberationSans for Helvetica-Bold
Apr 08, 2026 9:03:16 AM org.apache.pdfbox.pdmodel.font.PDType1Font <init>
WARNING: Using fallback font LiberationSans for Helvetica
Apr 08, 2026 9:03:16 AM org.apache.pdfbox.pdmodel.font.PDType1Font <init>
WARNING: Using fallback font LiberationSans for Helvetica-Bold
Apr 08, 2026 9:03:16 AM org.apache.pdfbox.pdmodel.font.PDType1Font <init>
WARNING: Using fallback font LiberationSans for Helvetica
Apr 08, 2026 9:03:16 AM org.apache.pdfbox.pdmodel.font.PDType1Font <init>
WARNING: Using fallback font LiberationSans for Helvetica-Bold
Apr 08, 2026 9:03:16 AM org.apache.pdfbox.pdmodel.font.PDType1Font <init>
WARNING: Using fallback font LiberationSans for Helvetica
Apr 08, 2026 9:03:16 AM org.apache.pdfbox.pdmodel.font.PDType1Font <init>
WARNING: Using fallback font LiberationSans for Helvetica-Bold
Apr 08, 2026 9:03:16 AM org.apache.pdfbox.pdmodel.font.PDType1Font <init>
WARNING: Using fallback font LiberationSans for Helvetica
Apr 08, 2026 9:03:16 AM org.apache.pdfbox.pdmodel.font.PDType1Font <init>
WARNING: Using fallback font LiberationSans for Helvetica-Bold
Apr 08, 2026 9:03:16 AM org.apache.pdfbox.pdmodel.font.PDType1Font <init>
WARNING: Using fallback font LiberationSans for Helvetica
]]></system-err>
  </testcase>
  <testcase name="parse_NonExistentFile_ReturnsSuccessWithNoRaces" classname="com.robinhowlett.importer.PdfParserTest" time="0.005">
    <system-out><![CDATA[09:03:17.418 [main] ERROR com.robinhowlett.chartparser.ChartParser -- /does/not/exist.pdf (No such file or directory)
java.io.FileNotFoundException: /does/not/exist.pdf (No such file or directory)
	at java.base/java.io.RandomAccessFile.open0(Native Method)
	at java.base/java.io.RandomAccessFile.open(RandomAccessFile.java:356)
	at java.base/java.io.RandomAccessFile.<init>(RandomAccessFile.java:273)
	at java.base/java.io.RandomAccessFile.<init>(RandomAccessFile.java:223)
	at org.apache.pdfbox.io.RandomAccessBufferedFileInputStream.<init>(RandomAccessBufferedFileInputStream.java:100)
	at org.apache.pdfbox.pdmodel.PDDocument.load(PDDocument.java:1094)
	at org.apache.pdfbox.pdmodel.PDDocument.load(PDDocument.java:1056)
	at org.apache.pdfbox.pdmodel.PDDocument.load(PDDocument.java:1004)
	at com.robinhowlett.chartparser.ChartParser.convertToCsv(ChartParser.java:135)
	at com.robinhowlett.chartparser.ChartParser.parse(ChartParser.java:300)
	at com.robinhowlett.importer.pipeline.PdfParser.parse(PdfParser.java:29)
	at com.robinhowlett.importer.PdfParserTest.parse_NonExistentFile_ReturnsSuccessWithNoRaces(PdfParserTest.java:43)
	at java.base/jdk.internal.reflect.DirectMethodHandleAccessor.invoke(DirectMethodHandleAccessor.java:103)
	at java.base/java.lang.reflect.Method.invoke(Method.java:580)
	at org.junit.platform.commons.util.ReflectionUtils.invokeMethod(ReflectionUtils.java:728)
	at org.junit.jupiter.engine.execution.MethodInvocation.proceed(MethodInvocation.java:60)
	at org.junit.jupiter.engine.execution.InvocationInterceptorChain$ValidatingInvocation.proceed(InvocationInterceptorChain.java:131)
	at org.junit.jupiter.engine.extension.TimeoutExtension.intercept(TimeoutExtension.java:156)
	at org.junit.jupiter.engine.extension.TimeoutExtension.interceptTestableMethod(TimeoutExtension.java:147)
	at org.junit.jupiter.engine.extension.TimeoutExtension.interceptTestMethod(TimeoutExtension.java:86)
	at org.junit.jupiter.engine.execution.InterceptingExecutableInvoker$ReflectiveInterceptorCall.lambda$ofVoidMethod$0(InterceptingExecutableInvoker.java:103)
	at org.junit.jupiter.engine.execution.InterceptingExecutableInvoker.lambda$invoke$0(InterceptingExecutableInvoker.java:93)
	at org.junit.jupiter.engine.execution.InvocationInterceptorChain$InterceptedInvocation.proceed(InvocationInterceptorChain.java:106)
	at org.junit.jupiter.engine.execution.InvocationInterceptorChain.proceed(InvocationInterceptorChain.java:64)
	at org.junit.jupiter.engine.execution.InvocationInterceptorChain.chainAndInvoke(InvocationInterceptorChain.java:45)
	at org.junit.jupiter.engine.execution.InvocationInterceptorChain.invoke(InvocationInterceptorChain.java:37)
	at org.junit.jupiter.engine.execution.InterceptingExecutableInvoker.invoke(InterceptingExecutableInvoker.java:92)
	at org.junit.jupiter.engine.execution.InterceptingExecutableInvoker.invoke(InterceptingExecutableInvoker.java:86)
	at org.junit.jupiter.engine.descriptor.TestMethodTestDescriptor.lambda$invokeTestMethod$7(TestMethodTestDescriptor.java:218)
	at org.junit.platform.engine.support.hierarchical.ThrowableCollector.execute(ThrowableCollector.java:73)
	at org.junit.jupiter.engine.descriptor.TestMethodTestDescriptor.invokeTestMethod(TestMethodTestDescriptor.java:214)
	at org.junit.jupiter.engine.descriptor.TestMethodTestDescriptor.execute(TestMethodTestDescriptor.java:139)
	at org.junit.jupiter.engine.descriptor.TestMethodTestDescriptor.execute(TestMethodTestDescriptor.java:69)
	at org.junit.platform.engine.support.hierarchical.NodeTestTask.lambda$executeRecursively$6(NodeTestTask.java:151)
	at org.junit.platform.engine.support.hierarchical.ThrowableCollector.execute(ThrowableCollector.java:73)
	at org.junit.platform.engine.support.hierarchical.NodeTestTask.lambda$executeRecursively$8(NodeTestTask.java:141)
	at org.junit.platform.engine.support.hierarchical.Node.around(Node.java:137)
	at org.junit.platform.engine.support.hierarchical.NodeTestTask.lambda$executeRecursively$9(NodeTestTask.java:139)
	at org.junit.platform.engine.support.hierarchical.ThrowableCollector.execute(ThrowableCollector.java:73)
	at org.junit.platform.engine.support.hierarchical.NodeTestTask.executeRecursively(NodeTestTask.java:138)
	at org.junit.platform.engine.support.hierarchical.NodeTestTask.execute(NodeTestTask.java:95)
	at java.base/java.util.ArrayList.forEach(ArrayList.java:1596)
	at org.junit.platform.engine.support.hierarchical.SameThreadHierarchicalTestExecutorService.invokeAll(SameThreadHierarchicalTestExecutorService.java:41)
	at org.junit.platform.engine.support.hierarchical.NodeTestTask.lambda$executeRecursively$6(NodeTestTask.java:155)
	at org.junit.platform.engine.support.hierarchical.ThrowableCollector.execute(ThrowableCollector.java:73)
	at org.junit.platform.engine.support.hierarchical.NodeTestTask.lambda$executeRecursively$8(NodeTestTask.java:141)
	at org.junit.platform.engine.support.hierarchical.Node.around(Node.java:137)
	at org.junit.platform.engine.support.hierarchical.NodeTestTask.lambda$executeRecursively$9(NodeTestTask.java:139)
	at org.junit.platform.engine.support.hierarchical.ThrowableCollector.execute(ThrowableCollector.java:73)
	at org.junit.platform.engine.support.hierarchical.NodeTestTask.executeRecursively(NodeTestTask.java:138)
	at org.junit.platform.engine.support.hierarchical.NodeTestTask.execute(NodeTestTask.java:95)
	at java.base/java.util.ArrayList.forEach(ArrayList.java:1596)
	at org.junit.platform.engine.support.hierarchical.SameThreadHierarchicalTestExecutorService.invokeAll(SameThreadHierarchicalTestExecutorService.java:41)
	at org.junit.platform.engine.support.hierarchical.NodeTestTask.lambda$executeRecursively$6(NodeTestTask.java:155)
	at org.junit.platform.engine.support.hierarchical.ThrowableCollector.execute(ThrowableCollector.java:73)
	at org.junit.platform.engine.support.hierarchical.NodeTestTask.lambda$executeRecursively$8(NodeTestTask.java:141)
	at org.junit.platform.engine.support.hierarchical.Node.around(Node.java:137)
	at org.junit.platform.engine.support.hierarchical.NodeTestTask.lambda$executeRecursively$9(NodeTestTask.java:139)
	at org.junit.platform.engine.support.hierarchical.ThrowableCollector.execute(ThrowableCollector.java:73)
	at org.junit.platform.engine.support.hierarchical.NodeTestTask.executeRecursively(NodeTestTask.java:138)
	at org.junit.platform.engine.support.hierarchical.NodeTestTask.execute(NodeTestTask.java:95)
	at org.junit.platform.engine.support.hierarchical.SameThreadHierarchicalTestExecutorService.submit(SameThreadHierarchicalTestExecutorService.java:35)
	at org.junit.platform.engine.support.hierarchical.HierarchicalTestExecutor.execute(HierarchicalTestExecutor.java:57)
	at org.junit.platform.engine.support.hierarchical.HierarchicalTestEngine.execute(HierarchicalTestEngine.java:54)
	at org.junit.platform.launcher.core.EngineExecutionOrchestrator.execute(EngineExecutionOrchestrator.java:198)
	at org.junit.platform.launcher.core.EngineExecutionOrchestrator.execute(EngineExecutionOrchestrator.java:169)
	at org.junit.platform.launcher.core.EngineExecutionOrchestrator.execute(EngineExecutionOrchestrator.java:93)
	at org.junit.platform.launcher.core.EngineExecutionOrchestrator.lambda$execute$0(EngineExecutionOrchestrator.java:58)
	at org.junit.platform.launcher.core.EngineExecutionOrchestrator.withInterceptedStreams(EngineExecutionOrchestrator.java:141)
	at org.junit.platform.launcher.core.EngineExecutionOrchestrator.execute(EngineExecutionOrchestrator.java:57)
	at org.junit.platform.launcher.core.DefaultLauncher.execute(DefaultLauncher.java:103)
	at org.junit.platform.launcher.core.DefaultLauncher.execute(DefaultLauncher.java:85)
	at org.junit.platform.launcher.core.DelegatingLauncher.execute(DelegatingLauncher.java:47)
	at org.apache.maven.surefire.junitplatform.LazyLauncher.execute(LazyLauncher.java:56)
	at org.apache.maven.surefire.junitplatform.JUnitPlatformProvider.execute(JUnitPlatformProvider.java:184)
	at org.apache.maven.surefire.junitplatform.JUnitPlatformProvider.invokeAllTests(JUnitPlatformProvider.java:148)
	at org.apache.maven.surefire.junitplatform.JUnitPlatformProvider.invoke(JUnitPlatformProvider.java:122)
	at org.apache.maven.surefire.booter.ForkedBooter.runSuitesInProcess(ForkedBooter.java:385)
	at org.apache.maven.surefire.booter.ForkedBooter.execute(ForkedBooter.java:162)
	at org.apache.maven.surefire.booter.ForkedBooter.run(ForkedBooter.java:507)
	at org.apache.maven.surefire.booter.ForkedBooter.main(ForkedBooter.java:495)
]]></system-out>
  </testcase>
  <testcase name="parse_EmptyFile_ReturnsSuccessWithNoRaces" classname="com.robinhowlett.importer.PdfParserTest" time="0.003">
    <system-out><![CDATA[09:03:17.423 [main] ERROR com.robinhowlett.chartparser.ChartParser -- Error: End-of-File, expected line at offset 0
java.io.IOException: Error: End-of-File, expected line at offset 0
	at org.apache.pdfbox.pdfparser.BaseParser.readLine(BaseParser.java:1147)
	at org.apache.pdfbox.pdfparser.COSParser.parseHeader(COSParser.java:2651)
	at org.apache.pdfbox.pdfparser.COSParser.parsePDFHeader(COSParser.java:2634)
	at org.apache.pdfbox.pdfparser.PDFParser.parse(PDFParser.java:217)
	at org.apache.pdfbox.pdmodel.PDDocument.load(PDDocument.java:1114)
	at org.apache.pdfbox.pdmodel.PDDocument.load(PDDocument.java:1097)
	at org.apache.pdfbox.pdmodel.PDDocument.load(PDDocument.java:1056)
	at org.apache.pdfbox.pdmodel.PDDocument.load(PDDocument.java:1004)
	at com.robinhowlett.chartparser.ChartParser.convertToCsv(ChartParser.java:135)
	at com.robinhowlett.chartparser.ChartParser.parse(ChartParser.java:300)
	at com.robinhowlett.importer.pipeline.PdfParser.parse(PdfParser.java:29)
	at com.robinhowlett.importer.PdfParserTest.parse_EmptyFile_ReturnsSuccessWithNoRaces(PdfParserTest.java:33)
	at java.base/jdk.internal.reflect.DirectMethodHandleAccessor.invoke(DirectMethodHandleAccessor.java:103)
	at java.base/java.lang.reflect.Method.invoke(Method.java:580)
	at org.junit.platform.commons.util.ReflectionUtils.invokeMethod(ReflectionUtils.java:728)
	at org.junit.jupiter.engine.execution.MethodInvocation.proceed(MethodInvocation.java:60)
	at org.junit.jupiter.engine.execution.InvocationInterceptorChain$ValidatingInvocation.proceed(InvocationInterceptorChain.java:131)
	at org.junit.jupiter.engine.extension.TimeoutExtension.intercept(TimeoutExtension.java:156)
	at org.junit.jupiter.engine.extension.TimeoutExtension.interceptTestableMethod(TimeoutExtension.java:147)
	at org.junit.jupiter.engine.extension.TimeoutExtension.interceptTestMethod(TimeoutExtension.java:86)
	at org.junit.jupiter.engine.execution.InterceptingExecutableInvoker$ReflectiveInterceptorCall.lambda$ofVoidMethod$0(InterceptingExecutableInvoker.java:103)
	at org.junit.jupiter.engine.execution.InterceptingExecutableInvoker.lambda$invoke$0(InterceptingExecutableInvoker.java:93)
	at org.junit.jupiter.engine.execution.InvocationInterceptorChain$InterceptedInvocation.proceed(InvocationInterceptorChain.java:106)
	at org.junit.jupiter.engine.execution.InvocationInterceptorChain.proceed(InvocationInterceptorChain.java:64)
	at org.junit.jupiter.engine.execution.InvocationInterceptorChain.chainAndInvoke(InvocationInterceptorChain.java:45)
	at org.junit.jupiter.engine.execution.InvocationInterceptorChain.invoke(InvocationInterceptorChain.java:37)
	at org.junit.jupiter.engine.execution.InterceptingExecutableInvoker.invoke(InterceptingExecutableInvoker.java:92)
	at org.junit.jupiter.engine.execution.InterceptingExecutableInvoker.invoke(InterceptingExecutableInvoker.java:86)
	at org.junit.jupiter.engine.descriptor.TestMethodTestDescriptor.lambda$invokeTestMethod$7(TestMethodTestDescriptor.java:218)
	at org.junit.platform.engine.support.hierarchical.ThrowableCollector.execute(ThrowableCollector.java:73)
	at org.junit.jupiter.engine.descriptor.TestMethodTestDescriptor.invokeTestMethod(TestMethodTestDescriptor.java:214)
	at org.junit.jupiter.engine.descriptor.TestMethodTestDescriptor.execute(TestMethodTestDescriptor.java:139)
	at org.junit.jupiter.engine.descriptor.TestMethodTestDescriptor.execute(TestMethodTestDescriptor.java:69)
	at org.junit.platform.engine.support.hierarchical.NodeTestTask.lambda$executeRecursively$6(NodeTestTask.java:151)
	at org.junit.platform.engine.support.hierarchical.ThrowableCollector.execute(ThrowableCollector.java:73)
	at org.junit.platform.engine.support.hierarchical.NodeTestTask.lambda$executeRecursively$8(NodeTestTask.java:141)
	at org.junit.platform.engine.support.hierarchical.Node.around(Node.java:137)
	at org.junit.platform.engine.support.hierarchical.NodeTestTask.lambda$executeRecursively$9(NodeTestTask.java:139)
	at org.junit.platform.engine.support.hierarchical.ThrowableCollector.execute(ThrowableCollector.java:73)
	at org.junit.platform.engine.support.hierarchical.NodeTestTask.executeRecursively(NodeTestTask.java:138)
	at org.junit.platform.engine.support.hierarchical.NodeTestTask.execute(NodeTestTask.java:95)
	at java.base/java.util.ArrayList.forEach(ArrayList.java:1596)
	at org.junit.platform.engine.support.hierarchical.SameThreadHierarchicalTestExecutorService.invokeAll(SameThreadHierarchicalTestExecutorService.java:41)
	at org.junit.platform.engine.support.hierarchical.NodeTestTask.lambda$executeRecursively$6(NodeTestTask.java:155)
	at org.junit.platform.engine.support.hierarchical.ThrowableCollector.execute(ThrowableCollector.java:73)
	at org.junit.platform.engine.support.hierarchical.NodeTestTask.lambda$executeRecursively$8(NodeTestTask.java:141)
	at org.junit.platform.engine.support.hierarchical.Node.around(Node.java:137)
	at org.junit.platform.engine.support.hierarchical.NodeTestTask.lambda$executeRecursively$9(NodeTestTask.java:139)
	at org.junit.platform.engine.support.hierarchical.ThrowableCollector.execute(ThrowableCollector.java:73)
	at org.junit.platform.engine.support.hierarchical.NodeTestTask.executeRecursively(NodeTestTask.java:138)
	at org.junit.platform.engine.support.hierarchical.NodeTestTask.execute(NodeTestTask.java:95)
	at java.base/java.util.ArrayList.forEach(ArrayList.java:1596)
	at org.junit.platform.engine.support.hierarchical.SameThreadHierarchicalTestExecutorService.invokeAll(SameThreadHierarchicalTestExecutorService.java:41)
	at org.junit.platform.engine.support.hierarchical.NodeTestTask.lambda$executeRecursively$6(NodeTestTask.java:155)
	at org.junit.platform.engine.support.hierarchical.ThrowableCollector.execute(ThrowableCollector.java:73)
	at org.junit.platform.engine.support.hierarchical.NodeTestTask.lambda$executeRecursively$8(NodeTestTask.java:141)
	at org.junit.platform.engine.support.hierarchical.Node.around(Node.java:137)
	at org.junit.platform.engine.support.hierarchical.NodeTestTask.lambda$executeRecursively$9(NodeTestTask.java:139)
	at org.junit.platform.engine.support.hierarchical.ThrowableCollector.execute(ThrowableCollector.java:73)
	at org.junit.platform.engine.support.hierarchical.NodeTestTask.executeRecursively(NodeTestTask.java:138)
	at org.junit.platform.engine.support.hierarchical.NodeTestTask.execute(NodeTestTask.java:95)
	at org.junit.platform.engine.support.hierarchical.SameThreadHierarchicalTestExecutorService.submit(SameThreadHierarchicalTestExecutorService.java:35)
	at org.junit.platform.engine.support.hierarchical.HierarchicalTestExecutor.execute(HierarchicalTestExecutor.java:57)
	at org.junit.platform.engine.support.hierarchical.HierarchicalTestEngine.execute(HierarchicalTestEngine.java:54)
	at org.junit.platform.launcher.core.EngineExecutionOrchestrator.execute(EngineExecutionOrchestrator.java:198)
	at org.junit.platform.launcher.core.EngineExecutionOrchestrator.execute(EngineExecutionOrchestrator.java:169)
	at org.junit.platform.launcher.core.EngineExecutionOrchestrator.execute(EngineExecutionOrchestrator.java:93)
	at org.junit.platform.launcher.core.EngineExecutionOrchestrator.lambda$execute$0(EngineExecutionOrchestrator.java:58)
	at org.junit.platform.launcher.core.EngineExecutionOrchestrator.withInterceptedStreams(EngineExecutionOrchestrator.java:141)
	at org.junit.platform.launcher.core.EngineExecutionOrchestrator.execute(EngineExecutionOrchestrator.java:57)
	at org.junit.platform.launcher.core.DefaultLauncher.execute(DefaultLauncher.java:103)
	at org.junit.platform.launcher.core.DefaultLauncher.execute(DefaultLauncher.java:85)
	at org.junit.platform.launcher.core.DelegatingLauncher.execute(DelegatingLauncher.java:47)
	at org.apache.maven.surefire.junitplatform.LazyLauncher.execute(LazyLauncher.java:56)
	at org.apache.maven.surefire.junitplatform.JUnitPlatformProvider.execute(JUnitPlatformProvider.java:184)
	at org.apache.maven.surefire.junitplatform.JUnitPlatformProvider.invokeAllTests(JUnitPlatformProvider.java:148)
	at org.apache.maven.surefire.junitplatform.JUnitPlatformProvider.invoke(JUnitPlatformProvider.java:122)
	at org.apache.maven.surefire.booter.ForkedBooter.runSuitesInProcess(ForkedBooter.java:385)
	at org.apache.maven.surefire.booter.ForkedBooter.execute(ForkedBooter.java:162)
	at org.apache.maven.surefire.booter.ForkedBooter.run(ForkedBooter.java:507)
	at org.apache.maven.surefire.booter.ForkedBooter.main(ForkedBooter.java:495)
]]></system-out>
  </testcase>
</testsuite>